<?xml version="1.0" encoding="UTF-8"?>
<!-- Generated by org.testng.reporters.JUnitReportReporter -->
<testsuite skipped="0" hostname="MSDT066" name="TestCases.HomePageTest" tests="8" failures="0" timestamp="2022-02-07T21:43:24 IST" time="11.665" errors="0">
  <testcase name="validateAdminModuletest" time="1.916" classname="TestCases.HomePageTest"/>
  <system-out/>
  <testcase name="validatePimtest" time="1.758" classname="TestCases.HomePageTest"/>
  <system-out/>
  <testcase name="validateleavetest" time="2.388" classname="TestCases.HomePageTest"/>
  <system-out/>
  <testcase name="validatetimetest" time="1.381" classname="TestCases.HomePageTest"/>
  <system-out/>
  <testcase name="validaterecruitmenttest" time="1.365" classname="TestCases.HomePageTest"/>
  <system-out/>
  <testcase name="validatemyinfotest" time="2.149" classname="TestCases.HomePageTest"/>
  <system-out/>
  <testcase name="validateperformancetest" time="0.063" classname="TestCases.HomePageTest"/>
  <system-out/>
  <testcase name="validatedashboardtest" time="0.645" classname="TestCases.HomePageTest"/>
  <system-out/>
</testsuite> <!-- TestCases.HomePageTest -->
